Q23247 and Q23139 : a Person
Q23248 and Q23139 : a Person
Q23153 and Q23257 : a Person
Q23159 and Q23115 : a Person
Q23160 and Q23156 : a Person
Q23161 and Q23155 : a Person
Q23164 and Q23142 : a Person
Q23165 and Q23154 : a Person
Q23166 and Q23250 : a Person
Q23168 and Q23253 : a Person
Q23170 and Q23250 : a Person
Q23184 and Q23111 : a Person
Q23188 and Q23135 : a Person
Q23193 and Q23192 : a Person
Q23200 and Q23122 : a Person
Q23208 and Q23141 : a Person
Q23213 and Q23147 : a Person
Q23219 and Q23211 : a Person
Q23221 and Q23108 : a Person
Q23222 and Q23241 : a Person
Q23226 and Q23108 : a Person
Q23228 and Q23224 : a Person
Q23232 and Q23259 : a Person
Q23239 and Q23141 : a Person
Q16056 and Q16055 : a Language
Q8099 and Q8098 : a Language
Q8243 and Q8090 : a Language
Q8281 and Q8258 : a Language
Q8348 and Q7697 : a Language
Q8379 and Q8196 : a Language
Q8725 and Q8484 : a Language
Q8878 and Q8171 : a Language
Q9506 and Q7999 : a Language
Q9891 and Q9890 : a Language
Q9939 and Q7889 : a Language
Q9986 and Q9985 : a Language
Q10334 and Q10124 : a Language
Q10391 and Q10548 : a Language
Q10405 and Q9600 : a Language
Q16310 and Q9455 : a Language
Q16419 and Q9941 : a Language
Q16183 and Q9119 : a Language
Q16257 and Q16287 : a Language
Q16113 and Q8832 : a Language
Q16117 and Q14693 : a Language
Q16163 and Q14243 : a Language
Q14399 and Q8484 : a Language
Q14424 and Q9488 : a Language
Q14484 and Q9488 : a Language
Q14491 and Q10225 : a Language
Q14534 and Q13924 : a Language
Q14631 and Q12676 : a Language
Q14656 and Q11736 : a Language
Q14851 and Q7734 : a Language
Q14929 and Q9488 : a Language
Q15013 and Q11508 : a Language
Q15116 and Q9513 : a Language
Q15130 and Q10830 : a Language
Q15198 and Q8171 : a Language
Q15260 and Q10530 : a Language
Q15291 and Q8090 : a Language
Q15435 and Q11566 : a Language
Q15496 and Q10499 : a Language
Q15515 and Q12099 : a Language
Q15600 and Q10395 : a Language
Q15601 and Q15340 : a Language
Q15605 and Q10254 : a Language
Q15650 and Q12944 : a Language
Q15694 and Q10461 : a Language
Q15764 and Q9455 : a Language
Q15820 and Q13913 : a Language
Q15910 and Q15909 : a Language
Q15951 and Q10054 : a Language
Q10702 and Q10143 : a Language
Q10852 and Q10666 : a Language
Q10906 and Q8297 : a Language
Q10947 and Q9425 : a Language
Q10953 and Q10093 : a Language
Q10997 and Q9645 : a Language
Q11028 and Q9447 : a Language
Q11030 and Q10936 : a Language
Q11228 and Q11064 : a Language
Q11297 and Q9119 : a Language
Q11726 and Q8297 : a Language
Q11742 and Q9597 : a Language
Q11794 and Q9123 : a Language
Q11844 and Q9059 : a Language
Q11984 and Q8362 : a Language
Q11995 and Q10022 : a Language
Q12065 and Q8382 : a Language
Q12418 and Q9811 : a Language
Q12473 and Q12345 : a Language
Q12703 and Q11931 : a Language
Q12837 and Q11537 : a Language
Q13100 and Q13096 : a Language
Q13193 and Q8297 : a Language
Q13800 and Q13742 : a Language
Q13911 and Q11803 : a Language
Q14074 and Q12719 : a Language
Q14155 and Q9458 : a Language
Q14240 and Q11070 : a Language
Q14249 and Q8122 : a Language
Q3480 and Q2803 : a journal article
Q4941 and Q4925 : a journal article
Q5250 and Q5244 : a journal article
Q5738 and Q5733 : a journal article
Q5741 and Q5735 : a journal article
Q5744 and Q5735 : a journal article
Q5747 and Q5735 : a journal article
Q5748 and Q5733 : a journal article
Q5751 and Q5735 : a journal article
Q5754 and Q5735 : a journal article
Q5759 and Q5733 : a journal article
Q5762 and Q5735 : a journal article
Q5765 and Q5735 : a journal article
Q5791 and Q5735 : a journal article
Q5826 and Q5788 : a journal article
Q5828 and Q5790 : a journal article
Q5830 and Q5735 : a journal article
Q5832 and Q5735 : a journal article
Q5833 and Q5790 : a journal article
Q5835 and Q5788 : a journal article
Q5860 and Q5788 : a journal article
Q5862 and Q5790 : a journal article
Q5864 and Q5735 : a journal article
Q5865 and Q5735 : a journal article
Q5878 and Q5788 : a journal article
Q5880 and Q5790 : a journal article
Q5908 and Q5788 : a journal article
Q5910 and Q5790 : a journal article
Q5924 and Q5788 : a journal article
Q5925 and Q5790 : a journal article
Q5933 and Q5788 : a journal article
Q5934 and Q5790 : a journal article
Q5939 and Q5788 : a journal article
Q5940 and Q5790 : a journal article
Q5947 and Q5788 : a journal article
Q5948 and Q5790 : a journal article
Q5959 and Q5788 : a journal article
Q5960 and Q5790 : a journal article
Q5967 and Q5788 : a journal article
Q5968 and Q5790 : a journal article
Q5980 and Q5788 : a journal article
Q5981 and Q5790 : a journal article
Q5989 and Q5788 : a journal article
Q6058 and Q5995 : a journal article
Q6068 and Q2260 : a journal article
Q6122 and Q6110 : a journal article
Q6180 and Q6255 : a journal article
Q6183 and Q5997 : a journal article
Q6309 and Q6349 : a journal article
Q22819 and Q7087 : a journal article
Q22833 and Q22815 : a journal article
Q22958 and Q22882 : a journal article
Q23032 and Q23031 : a journal article
Q23034 and Q23033 : a journal article
Q23037 and Q23033 : a journal article
Q23038 and Q23033 : a journal article
Q23039 and Q23031 : a journal article
Q1880 and Q1840 : a conference paper
Q20970 and Q20951 : a Place
Q21012 and Q20947 : a Place
Q20803 and Q21020 : a Place
Q20810 and Q20721 : a Place
Q20813 and Q20982 : a Place
Q20834 and Q20968 : a Place
Q20837 and Q20962 : a Place
Q20849 and Q20969 : a Place
Q20851 and Q21024 : a Place
Q20861 and Q20966 : a Place
Q20869 and Q20976 : a Place
Q20870 and Q20987 : a Place
Q20871 and Q20947 : a Place
Q20875 and Q20974 : a Place
Q20877 and Q20993 : a Place
Q20884 and Q21014 : a Place
Q20888 and Q21026 : a Place
Q20893 and Q20964 : a Place
Q20909 and Q20971 : a Place
Q20922 and Q21031 : a Place
Q20925 and Q21005 : a Place
Q21573 and Q21564 : a Place
Q21595 and Q20908 : a Place
Q21626 and Q20905 : a Place
Q21636 and Q20805 : a Place
Q21640 and Q21639 : a Place
Q21644 and Q20856 : a Place
Q21456 and Q20897 : a Place
Q21459 and Q20846 : a Place
Q21464 and Q21575 : a Place
Q21465 and Q20986 : a Place
Q21468 and Q20821 : a Place
Q21476 and Q20894 : a Place
Q21483 and Q21566 : a Place
Q21492 and Q21024 : a Place
Q21502 and Q21581 : a Place
Q21504 and Q21460 : a Place
Q21506 and Q21572 : a Place
Q21509 and Q21497 : a Place
Q21515 and Q20880 : a Place
Q21532 and Q21017 : a Place
Q21538 and Q20882 : a Place
Q21539 and Q20815 : a Place
Q21541 and Q20932 : a Place
Q21544 and Q21493 : a Place
Q21552 and Q20826 : a Place
Q21556 and Q21484 : a Place
Q21665 and Q20900 : a Place
Q21685 and Q20892 : a Place
Q21733 and Q21711 : a Place
Q21735 and Q21734 : a Place
Q21740 and Q21719 : a Place
Q21744 and Q21720 : a Place
Q21746 and Q21621 : a Place
Q21747 and Q21715 : a Place
Q21748 and Q21002 : a Place
Q21751 and Q21717 : a Place
Q21768 and Q21505 : a Place
Q21786 and Q21481 : a Place
Q21789 and Q21778 : a Place
Q21790 and Q21784 : a Place
Q21793 and Q21612 : a Place
Q21815 and Q21463 : a Place
Q21818 and Q21791 : a Place
Q21819 and Q20929 : a Place
Q21820 and Q21796 : a Place
Q21826 and Q21643 : a Place
Q21846 and Q20916 : a Place
Q21848 and Q21529 : a Place
Q21853 and Q20957 : a Place
Q21344 and Q21495 : a Place
Q21348 and Q21692 : a Place
Q21351 and Q21564 : a Place
Q21354 and Q21558 : a Place
Q21358 and Q21622 : a Place
Q21366 and Q21674 : a Place
Q21367 and Q21613 : a Place
Q21371 and Q21633 : a Place
